\BOOKMARK [0][-]{dummy.1}{\376\377\000D\000e\000c\000l\000a\000r\000a\000t\000i\000o\000n\000\040\000o\000f\000\040\000A\000u\000t\000h\000o\000r\000s\000h\000i\000p}{}% 1
\BOOKMARK [0][-]{dummy.3}{\376\377\000A\000b\000s\000t\000r\000a\000c\000t}{}% 2
\BOOKMARK [0][-]{dummy.4}{\376\377\000A\000c\000k\000n\000o\000w\000l\000e\000d\000g\000e\000m\000e\000n\000t\000s}{}% 3
\BOOKMARK [0][-]{dummy.6}{\376\377\000L\000i\000s\000t\000\040\000o\000f\000\040\000F\000i\000g\000u\000r\000e\000s}{}% 4
\BOOKMARK [0][-]{dummy.8}{\376\377\000L\000i\000s\000t\000\040\000o\000f\000\040\000T\000a\000b\000l\000e\000s}{}% 5
\BOOKMARK [0][-]{chapter.10}{\376\377\0001\000\040\000I\000n\000t\000r\000o\000d\000u\000c\000t\000i\000o\000n}{}% 6
\BOOKMARK [1][-]{section.11}{\376\377\0001\000.\0001\000\040\0003\000D\000\040\000p\000r\000i\000n\000t\000i\000n\000g\000\040\000m\000e\000t\000h\000o\000d\000s}{chapter.10}% 7
\BOOKMARK [1][-]{section.12}{\376\377\0001\000.\0002\000\040\000F\000D\000M\000\040\000A\000r\000t\000i\000c\000u\000l\000a\000t\000i\000o\000n\000\040\000i\000m\000p\000l\000e\000m\000e\000n\000t\000a\000t\000i\000o\000n\000s}{chapter.10}% 8
\BOOKMARK [1][-]{section.13}{\376\377\0001\000.\0003\000\040\000F\000D\000M\000\040\000a\000c\000c\000u\000r\000a\000c\000y\000\040\000a\000n\000d\000\040\000m\000a\000t\000e\000r\000i\000a\000l\000s}{chapter.10}% 9
\BOOKMARK [1][-]{section.14}{\376\377\0001\000.\0004\000\040\000P\000r\000o\000p\000o\000s\000e\000d\000\040\000S\000o\000l\000u\000t\000i\000o\000n}{chapter.10}% 10
\BOOKMARK [1][-]{section.15}{\376\377\0001\000.\0005\000\040\000C\000o\000m\000m\000e\000r\000c\000i\000a\000l\000\040\000V\000i\000a\000b\000i\000l\000i\000t\000y}{chapter.10}% 11
\BOOKMARK [2][-]{subsection.17}{\376\377\0001\000.\0005\000.\0001\000\040\000C\000o\000m\000m\000e\000r\000c\000i\000a\000l\000\040\000M\000a\000r\000k\000e\000t}{section.15}% 12
\BOOKMARK [2][-]{subsection.18}{\376\377\0001\000.\0005\000.\0002\000\040\000C\000o\000n\000s\000u\000m\000e\000r\000\040\000M\000a\000r\000k\000e\000t}{section.15}% 13
\BOOKMARK [0][-]{chapter.19}{\376\377\0002\000\040\000S\000t\000r\000u\000c\000t\000u\000r\000e\000\040\000a\000n\000d\000\040\000I\000n\000v\000e\000r\000s\000e\000\040\000K\000i\000n\000e\000m\000a\000t\000i\000c\000s\000\040}{}% 14
\BOOKMARK [1][-]{section.20}{\376\377\0002\000.\0001\000\040\000S\000t\000r\000u\000c\000t\000u\000r\000e}{chapter.19}% 15
\BOOKMARK [1][-]{section.23}{\376\377\0002\000.\0002\000\040\000S\000i\000m\000p\000l\000e\000\040\000o\000n\000e\000\040\000d\000i\000m\000e\000n\000s\000i\000o\000n\000\040\000p\000o\000s\000i\000t\000i\000o\000n}{chapter.19}% 16
\BOOKMARK [1][-]{section.25}{\376\377\0002\000.\0003\000\040\000P\000l\000a\000t\000f\000o\000r\000m}{chapter.19}% 17
\BOOKMARK [1][-]{section.26}{\376\377\0002\000.\0004\000\040\000V\000e\000r\000t\000i\000c\000a\000l\000\040\000t\000r\000a\000v\000e\000l\000\040\000c\000o\000n\000s\000t\000r\000a\000i\000n\000t\000s}{chapter.19}% 18
\BOOKMARK [1][-]{section.27}{\376\377\0002\000.\0005\000\040\000T\000w\000o\000\040\000d\000i\000m\000e\000n\000s\000i\000o\000n\000a\000l\000\040\000p\000o\000s\000i\000t\000i\000o\000n\000\040\000i\000n\000\040\000t\000h\000e\000\040\000v\000e\000r\000t\000i\000c\000a\000l\000\040\000p\000l\000a\000n\000e}{chapter.19}% 19
\BOOKMARK [1][-]{section.28}{\376\377\0002\000.\0006\000\040\000T\000w\000o\000\040\000d\000i\000m\000e\000n\000s\000i\000o\000n\000a\000l\000\040\000p\000o\000s\000i\000t\000i\000o\000n\000\040\000i\000n\000\040\000t\000h\000e\000\040\000h\000o\000r\000i\000z\000o\000n\000t\000a\000l\000\040\000p\000l\000a\000n\000e}{chapter.19}% 20
\BOOKMARK [1][-]{section.30}{\376\377\0002\000.\0007\000\040\000P\000l\000a\000t\000f\000o\000r\000m\000\040\000i\000n\000\040\000t\000h\000e\000\040\000h\000o\000r\000i\000z\000o\000n\000t\000a\000l\000\040\000p\000l\000a\000n\000e}{chapter.19}% 21
\BOOKMARK [1][-]{section.31}{\376\377\0002\000.\0008\000\040\000T\000h\000r\000e\000e\000\040\000d\000i\000m\000e\000n\000s\000i\000o\000n\000a\000l\000\040\000p\000o\000s\000i\000t\000i\000o\000n\000i\000n\000g\000\040}{chapter.19}% 22
\BOOKMARK [1][-]{section.32}{\376\377\0002\000.\0009\000\040\000C\000o\000n\000s\000t\000r\000a\000i\000n\000t\000s}{chapter.19}% 23
\BOOKMARK [2][-]{subsection.33}{\376\377\0002\000.\0009\000.\0001\000\040\000P\000r\000i\000n\000t\000i\000n\000g\000\040\000B\000e\000d}{section.32}% 24
\BOOKMARK [2][-]{subsection.34}{\376\377\0002\000.\0009\000.\0002\000\040\000U\000n\000i\000v\000e\000r\000s\000a\000l\000\040\000J\000o\000i\000n\000t\000\040\000A\000n\000g\000l\000e\000\040\000R\000a\000n\000g\000e}{section.32}% 25
\BOOKMARK [0][-]{chapter.36}{\376\377\0003\000\040\000M\000o\000t\000i\000o\000n}{}% 26
\BOOKMARK [1][-]{section.37}{\376\377\0003\000.\0001\000\040\000P\000a\000t\000h\000\040\000T\000r\000a\000c\000i\000n\000g}{chapter.36}% 27
\BOOKMARK [1][-]{section.38}{\376\377\0003\000.\0002\000\040\000A\000c\000c\000e\000l\000e\000r\000a\000t\000i\000o\000n}{chapter.36}% 28
\BOOKMARK [0][-]{chapter.39}{\376\377\0004\000\040\000H\000a\000r\000d\000w\000a\000r\000e}{}% 29
\BOOKMARK [1][-]{section.40}{\376\377\0004\000.\0001\000\040\000F\000r\000a\000m\000e}{chapter.39}% 30
\BOOKMARK [1][-]{section.44}{\376\377\0004\000.\0002\000\040\000F\000r\000a\000m\000e\000\040\000B\000r\000a\000c\000k\000e\000t\000s}{chapter.39}% 31
\BOOKMARK [2][-]{subsection.45}{\376\377\0004\000.\0002\000.\0001\000\040\000B\000o\000t\000t\000o\000m\000\040\000L\000e\000v\000e\000l}{section.44}% 32
\BOOKMARK [2][-]{subsection.47}{\376\377\0004\000.\0002\000.\0002\000\040\000T\000o\000p\000\040\000L\000e\000v\000e\000l}{section.44}% 33
\BOOKMARK [1][-]{section.49}{\376\377\0004\000.\0003\000\040\000P\000l\000a\000t\000f\000o\000r\000m}{chapter.39}% 34
\BOOKMARK [1][-]{section.51}{\376\377\0004\000.\0004\000\040\000L\000i\000n\000k\000a\000g\000e\000s}{chapter.39}% 35
\BOOKMARK [1][-]{section.53}{\376\377\0004\000.\0005\000\040\000L\000i\000n\000e\000a\000r\000\040\000A\000c\000t\000u\000a\000t\000o\000r\000s}{chapter.39}% 36
\BOOKMARK [2][-]{subsection.54}{\376\377\0004\000.\0005\000.\0001\000\040\000C\000a\000r\000r\000i\000a\000g\000e}{section.53}% 37
\BOOKMARK [2][-]{subsection.56}{\376\377\0004\000.\0005\000.\0002\000\040\000B\000e\000l\000t\000\040\000D\000r\000i\000v\000e}{section.53}% 38
\BOOKMARK [2][-]{subsection.57}{\376\377\0004\000.\0005\000.\0003\000\040\000P\000u\000l\000l\000e\000y\000\040\000a\000n\000d\000\040\000i\000d\000l\000e\000r\000s}{section.53}% 39
\BOOKMARK [2][-]{subsection.59}{\376\377\0004\000.\0005\000.\0004\000\040\000M\000o\000t\000o\000r\000s}{section.53}% 40
\BOOKMARK [1][-]{section.61}{\376\377\0004\000.\0006\000\040\000T\000o\000o\000l\000\040\000E\000n\000d}{chapter.39}% 41
\BOOKMARK [2][-]{subsection.62}{\376\377\0004\000.\0006\000.\0001\000\040\000P\000l\000o\000t\000t\000e\000r}{section.61}% 42
\BOOKMARK [2][-]{subsection.65}{\376\377\0004\000.\0006\000.\0002\000\040\000F\000D\000M\000\040\000T\000o\000o\000l}{section.61}% 43
\BOOKMARK [3][-]{subsubsection.66}{\376\377\0004\000.\0006\000.\0002\000.\0001\000\040\000E\000x\000t\000r\000u\000d\000e\000r}{subsection.65}% 44
\BOOKMARK [3][-]{subsubsection.69}{\376\377\0004\000.\0006\000.\0002\000.\0002\000\040\000B\000o\000w\000d\000e\000n\000\040\000F\000i\000l\000a\000m\000e\000n\000t\000\040\000F\000e\000e\000d\000e\000r}{subsection.65}% 45
\BOOKMARK [0][-]{chapter.71}{\376\377\0005\000\040\000E\000l\000e\000c\000t\000r\000o\000n\000i\000c\000\040\000S\000y\000s\000t\000e\000m\000s}{}% 46
\BOOKMARK [1][-]{section.72}{\376\377\0005\000.\0001\000\040\000M\000e\000t\000h\000o\000d\000o\000l\000o\000g\000y}{chapter.71}% 47
\BOOKMARK [1][-]{section.75}{\376\377\0005\000.\0002\000\040\000H\000i\000g\000h\000\040\000L\000e\000v\000e\000l\000\040\000D\000i\000a\000g\000r\000a\000m}{chapter.71}% 48
\BOOKMARK [1][-]{section.77}{\376\377\0005\000.\0003\000\040\000M\000i\000c\000r\000o\000c\000o\000n\000t\000r\000o\000l\000l\000e\000r}{chapter.71}% 49
\BOOKMARK [1][-]{section.78}{\376\377\0005\000.\0004\000\040\000M\000o\000t\000o\000r\000\040\000D\000r\000i\000v\000e\000r\000s}{chapter.71}% 50
\BOOKMARK [1][-]{section.79}{\376\377\0005\000.\0005\000\040\000C\000o\000m\000m\000u\000n\000i\000c\000a\000t\000i\000o\000n}{chapter.71}% 51
\BOOKMARK [1][-]{section.80}{\376\377\0005\000.\0006\000\040\000H\000e\000a\000t\000i\000n\000g\000\040\000e\000l\000e\000m\000e\000n\000t\000s}{chapter.71}% 52
\BOOKMARK [1][-]{section.81}{\376\377\0005\000.\0007\000\040\000S\000e\000n\000s\000o\000r\000y\000\040\000i\000n\000p\000u\000t}{chapter.71}% 53
\BOOKMARK [1][-]{section.83}{\376\377\0005\000.\0008\000\040\000P\000o\000w\000e\000r}{chapter.71}% 54
\BOOKMARK [1][-]{section.85}{\376\377\0005\000.\0009\000\040\000S\000a\000f\000e\000t\000y}{chapter.71}% 55
\BOOKMARK [0][-]{chapter.86}{\376\377\0006\000\040\000S\000o\000f\000t\000w\000a\000r\000e}{}% 56
\BOOKMARK [1][-]{section.87}{\376\377\0006\000.\0001\000\040\000M\000a\000j\000o\000r\000\040\000F\000u\000n\000c\000t\000i\000o\000n\000s}{chapter.86}% 57
\BOOKMARK [1][-]{section.88}{\376\377\0006\000.\0002\000\040\000M\000a\000j\000o\000r\000\040\000C\000o\000n\000s\000t\000r\000a\000i\000n\000t\000s}{chapter.86}% 58
\BOOKMARK [1][-]{section.89}{\376\377\0006\000.\0003\000\040\000H\000i\000g\000h\000\040\000L\000e\000v\000e\000l\000\040\000D\000i\000a\000g\000r\000a\000m}{chapter.86}% 59
\BOOKMARK [1][-]{section.91}{\376\377\0006\000.\0004\000\040\000S\000e\000q\000u\000e\000n\000c\000e\000\040\000A\000n\000a\000l\000y\000s\000i\000s}{chapter.86}% 60
\BOOKMARK [1][-]{section.93}{\376\377\0006\000.\0005\000\040\000F\000r\000a\000m\000e\000w\000o\000r\000k}{chapter.86}% 61
\BOOKMARK [2][-]{subsection.94}{\376\377\0006\000.\0005\000.\0001\000\040\000D\000e\000v\000i\000c\000e\000\040\000A\000b\000s\000t\000r\000a\000c\000t\000i\000o\000n}{section.93}% 62
\BOOKMARK [2][-]{subsection.107}{\376\377\0006\000.\0005\000.\0002\000\040\000F\000o\000l\000d\000e\000r\000\040\000S\000t\000r\000u\000c\000t\000u\000r\000e\000\040}{section.93}% 63
\BOOKMARK [1][-]{section.108}{\376\377\0006\000.\0006\000\040\000I\000m\000p\000l\000e\000m\000e\000n\000t\000a\000t\000i\000o\000n}{chapter.86}% 64
\BOOKMARK [2][-]{subsection.109}{\376\377\0006\000.\0006\000.\0001\000\040\000P\000o\000r\000t\000a\000b\000i\000l\000i\000t\000y\000\040\000H\000e\000a\000d\000e\000r}{section.108}% 65
\BOOKMARK [2][-]{subsection.138}{\376\377\0006\000.\0006\000.\0002\000\040\000G\000\040\000c\000o\000d\000e\000\040\000i\000n\000t\000e\000r\000p\000r\000e\000t\000e\000r}{section.108}% 66
\BOOKMARK [2][-]{subsection.145}{\376\377\0006\000.\0006\000.\0003\000\040\000P\000o\000s\000i\000t\000i\000o\000n\000i\000n\000g}{section.108}% 67
\BOOKMARK [2][-]{subsection.151}{\376\377\0006\000.\0006\000.\0004\000\040\000M\000o\000t\000i\000o\000n}{section.108}% 68
\BOOKMARK [0][-]{chapter.154}{\376\377\0007\000\040\000T\000e\000s\000t\000i\000n\000g\000\040\000a\000n\000d\000\040\000R\000e\000s\000u\000l\000t\000s}{}% 69
\BOOKMARK [1][-]{section.155}{\376\377\0007\000.\0001\000\040\000A\000c\000c\000u\000r\000a\000c\000y}{chapter.154}% 70
\BOOKMARK [2][-]{subsection.156}{\376\377\0007\000.\0001\000.\0001\000\040\000S\000c\000a\000l\000e}{section.155}% 71
\BOOKMARK [2][-]{subsection.158}{\376\377\0007\000.\0001\000.\0002\000\040\000D\000i\000s\000t\000o\000r\000t\000i\000o\000n}{section.155}% 72
\BOOKMARK [1][-]{section.161}{\376\377\0007\000.\0002\000\040\000S\000p\000e\000e\000d}{chapter.154}% 73
\BOOKMARK [1][-]{section.162}{\376\377\0007\000.\0003\000\040\000R\000e\000p\000e\000a\000t\000a\000b\000i\000l\000i\000t\000y}{chapter.154}% 74
\BOOKMARK [0][-]{chapter.165}{\376\377\0008\000\040\000P\000r\000o\000j\000e\000c\000t\000\040\000M\000a\000n\000a\000g\000e\000m\000e\000n\000t}{}% 75
\BOOKMARK [1][-]{section.166}{\376\377\0008\000.\0001\000\040\000S\000c\000h\000e\000d\000u\000l\000e}{chapter.165}% 76
\BOOKMARK [1][-]{section.168}{\376\377\0008\000.\0002\000\040\000P\000r\000o\000g\000r\000e\000s\000s}{chapter.165}% 77
\BOOKMARK [2][-]{subsection.169}{\376\377\0008\000.\0002\000.\0001\000\040\000S\000h\000o\000r\000t\000c\000o\000m\000i\000n\000g\000s}{section.168}% 78
\BOOKMARK [1][-]{section.170}{\376\377\0008\000.\0003\000\040\000B\000u\000d\000g\000e\000t}{chapter.165}% 79
\BOOKMARK [2][-]{subsection.171}{\376\377\0008\000.\0003\000.\0001\000\040\000R\000e\000v\000e\000n\000u\000e}{section.170}% 80
\BOOKMARK [2][-]{subsection.172}{\376\377\0008\000.\0003\000.\0002\000\040\000E\000x\000p\000e\000n\000s\000e\000s}{section.170}% 81
\BOOKMARK [2][-]{subsection.174}{\376\377\0008\000.\0003\000.\0003\000\040\000N\000o\000n\000-\000b\000u\000d\000g\000e\000t\000e\000d\000\040\000r\000e\000s\000o\000u\000r\000c\000e\000s}{section.170}% 82
\BOOKMARK [1][-]{section.176}{\376\377\0008\000.\0004\000\040\000R\000i\000s\000k\000\040\000A\000n\000a\000l\000y\000s\000i\000s}{chapter.165}% 83
\BOOKMARK [2][-]{subsection.177}{\376\377\0008\000.\0004\000.\0001\000\040\000L\000i\000s\000t\000\040\000o\000f\000\040\000r\000i\000s\000k\000s}{section.176}% 84
\BOOKMARK [2][-]{subsection.179}{\376\377\0008\000.\0004\000.\0002\000\040\000L\000i\000s\000t\000\040\000o\000f\000\040\000a\000c\000t\000i\000o\000n\000s}{section.176}% 85
\BOOKMARK [2][-]{subsection.181}{\376\377\0008\000.\0004\000.\0003\000\040\000M\000i\000t\000i\000g\000a\000t\000e\000d\000\040\000R\000i\000s\000k\000s}{section.176}% 86
\BOOKMARK [0][-]{chapter.182}{\376\377\0009\000\040\000C\000o\000n\000c\000l\000u\000s\000i\000o\000n}{}% 87
\BOOKMARK [0][-]{appendix.184}{\376\377\000A\000\040\000R\000e\000f\000e\000r\000e\000n\000c\000e\000\040\000D\000o\000c\000u\000m\000e\000n\000t\000s}{}% 88
\BOOKMARK [1][-]{section.185}{\376\377\000A\000.\0001\000\040\000E\000x\000i\000s\000t\000i\000n\000g\000\040\000D\000o\000c\000u\000m\000e\000n\000t\000a\000t\000i\000o\000n}{appendix.184}% 89
\BOOKMARK [1][-]{section.186}{\376\377\000A\000.\0002\000\040\000V\000e\000n\000d\000o\000r\000\040\000D\000o\000c\000u\000m\000e\000n\000t\000a\000t\000i\000o\000n}{appendix.184}% 90
\BOOKMARK [1][-]{section.187}{\376\377\000A\000.\0003\000\040\000O\000t\000h\000e\000r\000\040\000D\000o\000c\000u\000m\000e\000n\000t\000a\000t\000i\000o\000n}{appendix.184}% 91
\BOOKMARK [0][-]{appendix.188}{\376\377\000B\000\040\000A\000b\000b\000r\000e\000v\000i\000a\000t\000i\000o\000n\000s}{}% 92
\BOOKMARK [0][-]{appendix.190}{\376\377\000C\000\040\000S\000c\000h\000e\000m\000a\000t\000i\000c\000s}{}% 93
\BOOKMARK [1][-]{section.191}{\376\377\000C\000.\0001\000\040\000T\000o\000p\000\040\000L\000e\000v\000e\000l}{appendix.190}% 94
\BOOKMARK [1][-]{section.193}{\376\377\000C\000.\0002\000\040\000C\000P\000U}{appendix.190}% 95
\BOOKMARK [1][-]{section.195}{\376\377\000C\000.\0003\000\040\000S\000t\000e\000p\000p\000e\000r\000\040\000D\000r\000i\000v\000e\000r}{appendix.190}% 96
\BOOKMARK [1][-]{section.197}{\376\377\000C\000.\0004\000\040\000L\000i\000n\000e\000a\000r\000\040\000A\000c\000t\000u\000a\000t\000o\000r}{appendix.190}% 97
\BOOKMARK [1][-]{section.199}{\376\377\000C\000.\0005\000\040\000H\000e\000a\000t\000e\000r}{appendix.190}% 98
\BOOKMARK [1][-]{section.201}{\376\377\000C\000.\0006\000\040\000C\000a\000p\000a\000c\000i\000t\000a\000n\000c\000e\000\040\000S\000e\000n\000s\000e}{appendix.190}% 99
\BOOKMARK [1][-]{section.203}{\376\377\000C\000.\0007\000\040\000U\000S\000B\000\040\000U\000A\000R\000T}{appendix.190}% 100
\BOOKMARK [0][-]{appendix.205}{\376\377\000D\000\040\000P\000C\000B\000\040\000L\000a\000y\000o\000u\000t}{}% 101
\BOOKMARK [1][-]{section.206}{\376\377\000D\000.\0001\000\040\000T\000o\000p\000\040\000L\000e\000v\000e\000l}{appendix.205}% 102
\BOOKMARK [1][-]{section.208}{\376\377\000D\000.\0002\000\040\000B\000o\000t\000t\000o\000m\000\040\000S\000i\000d\000e}{appendix.205}% 103
\BOOKMARK [0][-]{appendix.210}{\376\377\000E\000\040\000S\000o\000u\000r\000c\000e\000\040\000C\000o\000d\000e}{}% 104
\BOOKMARK [0][-]{appendix.211}{\376\377\000F\000\040\000H\000a\000r\000d\000w\000a\000r\000e\000\040\000D\000e\000s\000i\000g\000n\000s}{}% 105
\BOOKMARK [0][-]{dummy.212}{\376\377\000B\000i\000b\000l\000i\000o\000g\000r\000a\000p\000h\000y}{}% 106
